27-May-2024 10:34:10.576 INFO [main] jdk.internal.reflect.NativeMethodAccessorImpl.invoke Server version name:   Apache Tomcat/9.0.41
27-May-2024 10:34:10.576 INFO [main] jdk.internal.reflect.NativeMethodAccessorImpl.invoke Server built:          Dec 3 2020 11:43:00 UTC
27-May-2024 10:34:10.576 INFO [main] jdk.internal.reflect.NativeMethodAccessorImpl.invoke Server version number: 9.0.41.0
27-May-2024 10:34:10.576 INFO [main] jdk.internal.reflect.NativeMethodAccessorImpl.invoke OS Name:               Windows 10
27-May-2024 10:34:10.576 INFO [main] jdk.internal.reflect.NativeMethodAccessorImpl.invoke OS Version:            10.0
27-May-2024 10:34:10.576 INFO [main] jdk.internal.reflect.NativeMethodAccessorImpl.invoke Architecture:          amd64
27-May-2024 10:34:10.576 INFO [main] jdk.internal.reflect.NativeMethodAccessorImpl.invoke Java Home:             C:\Program Files\Java\jdk-15.0.2
27-May-2024 10:34:10.576 INFO [main] jdk.internal.reflect.NativeMethodAccessorImpl.invoke JVM Version:           15.0.2+7-27
27-May-2024 10:34:10.576 INFO [main] jdk.internal.reflect.NativeMethodAccessorImpl.invoke JVM Vendor:            Oracle Corporation
27-May-2024 10:34:10.576 INFO [main] jdk.internal.reflect.NativeMethodAccessorImpl.invoke CATALINA_BASE:         C:\Users\Korisnik\IdeaProjects\MyWebApp3\target\apache-tomee
27-May-2024 10:34:10.576 INFO [main] jdk.internal.reflect.NativeMethodAccessorImpl.invoke CATALINA_HOME:         C:\Users\Korisnik\IdeaProjects\MyWebApp3\target\apache-tomee
27-May-2024 10:34:10.596 INFO [main] jdk.internal.reflect.NativeMethodAccessorImpl.invoke Command line argument: -XX:+HeapDumpOnOutOfMemoryError
27-May-2024 10:34:10.596 INFO [main] jdk.internal.reflect.NativeMethodAccessorImpl.invoke Command line argument: -Dorg.apache.catalina.STRICT_SERVLET_COMPLIANCE=false
27-May-2024 10:34:10.596 INFO [main] jdk.internal.reflect.NativeMethodAccessorImpl.invoke Command line argument: -Dopenejb.session.manager=org.apache.tomee.catalina.session.QuickSessionManager
27-May-2024 10:34:10.596 INFO [main] jdk.internal.reflect.NativeMethodAccessorImpl.invoke Command line argument: -Dtomee.remote.support=true
27-May-2024 10:34:10.596 INFO [main] jdk.internal.reflect.NativeMethodAccessorImpl.invoke Command line argument: -Dopenejb.system.apps=false
27-May-2024 10:34:10.596 INFO [main] jdk.internal.reflect.DelegatingMethodAccessorImpl.invoke Command line argument: -Dtomee.jsp-development=true
27-May-2024 10:34:10.597 INFO [main] jdk.internal.reflect.DelegatingMethodAccessorImpl.invoke Command line argument: -Djava.util.logging.config.file=C:\Users\Korisnik\IdeaProjects\MyWebApp3\target\apache-tomee\conf\logging.properties
27-May-2024 10:34:10.597 INFO [main] jdk.internal.reflect.DelegatingMethodAccessorImpl.invoke Command line argument: -javaagent:C:\Users\Korisnik\IdeaProjects\MyWebApp3\target\apache-tomee\lib\openejb-javaagent.jar
27-May-2024 10:34:10.597 INFO [main] jdk.internal.reflect.DelegatingMethodAccessorImpl.invoke Command line argument: -Djava.util.logging.manager=org.apache.juli.ClassLoaderLogManager
27-May-2024 10:34:10.597 INFO [main] jdk.internal.reflect.DelegatingMethodAccessorImpl.invoke Command line argument: -Djava.io.tmpdir=C:\Users\Korisnik\IdeaProjects\MyWebApp3\target\apache-tomee\temp
27-May-2024 10:34:10.597 INFO [main] jdk.internal.reflect.DelegatingMethodAccessorImpl.invoke Command line argument: -Dcatalina.base=C:\Users\Korisnik\IdeaProjects\MyWebApp3\target\apache-tomee
27-May-2024 10:34:10.597 INFO [main] jdk.internal.reflect.DelegatingMethodAccessorImpl.invoke Command line argument: -Dcatalina.home=C:\Users\Korisnik\IdeaProjects\MyWebApp3\target\apache-tomee
27-May-2024 10:34:10.597 INFO [main] jdk.internal.reflect.DelegatingMethodAccessorImpl.invoke Command line argument: -Dcatalina.ext.dirs=C:\Users\Korisnik\IdeaProjects\MyWebApp3\target\apache-tomee\lib
27-May-2024 10:34:10.597 INFO [main] jdk.internal.reflect.DelegatingMethodAccessorImpl.invoke Command line argument: -Dorg.apache.tomcat.util.http.ServerCookie.ALLOW_HTTP_SEPARATORS_IN_V0=true
27-May-2024 10:34:10.597 INFO [main] jdk.internal.reflect.DelegatingMethodAccessorImpl.invoke Command line argument: -ea
27-May-2024 10:34:10.602 INFO [main] jdk.internal.reflect.DelegatingMethodAccessorImpl.invoke The Apache Tomcat Native library which allows using OpenSSL was not found on the java.library.path: [C:\Program Files\Java\jdk-15.0.2\bin;C:\WINDOWS\Sun\Java\bin;C:\WINDOWS\system32;C:\WINDOWS;C:\Program Files\Common Files\Oracle\Java\javapath;C:\WINDOWS\system32;C:\WINDOWS;C:\WINDOWS\System32\Wbem;C:\WINDOWS\System32\WindowsPowerShell\v1.0\;C:\WINDOWS\System32\OpenSSH\;C:\Users\Korisnik\.jdks\openjdk-20\bin;C:\JAVA\jdk-21.0.1\bin;C:\Program Files\Git\cmd;C:\Program Files\MySQL\MySQL Server 8.0\bin;C:\Java\jdk-21\bin;C:\Program Files\MySQL\MySQL Shell 8.0\bin\;C:\Users\Korisnik\AppData\Local\Microsoft\WindowsApps;C:\Program Files\JetBrains\IntelliJ IDEA 2022.3.2\bin;C:\Users\Korisnik\AppData\Local\gitkraken\bin;.]
27-May-2024 10:34:10.979 INFO [main] jdk.internal.reflect.DelegatingMethodAccessorImpl.invoke Initializing ProtocolHandler ["http-nio-8080"]
27-May-2024 10:34:11.329 INFO [main] org.apache.openejb.util.OptionsLog.info Using 'tomee.remote.support=true'
27-May-2024 10:34:11.340 INFO [main] org.apache.openejb.util.OptionsLog.info Using 'openejb.jdbc.datasource-creator=org.apache.tomee.jdbc.TomEEDataSourceCreator'
27-May-2024 10:34:11.424 INFO [main] org.apache.openejb.OpenEJB$Instance.<init> ********************************************************************************
27-May-2024 10:34:11.425 INFO [main] org.apache.openejb.OpenEJB$Instance.<init> OpenEJB http://tomee.apache.org/
27-May-2024 10:34:11.425 INFO [main] org.apache.openejb.OpenEJB$Instance.<init> Startup: Mon May 27 10:34:11 CEST 2024
27-May-2024 10:34:11.425 INFO [main] org.apache.openejb.OpenEJB$Instance.<init> Copyright 1999-2018 (C) Apache OpenEJB Project, All Rights Reserved.
27-May-2024 10:34:11.425 INFO [main] org.apache.openejb.OpenEJB$Instance.<init> Version: 8.0.6
27-May-2024 10:34:11.426 INFO [main] org.apache.openejb.OpenEJB$Instance.<init> Build date: 20210114
27-May-2024 10:34:11.426 INFO [main] org.apache.openejb.OpenEJB$Instance.<init> Build time: 02:27
27-May-2024 10:34:11.426 INFO [main] org.apache.openejb.OpenEJB$Instance.<init> ********************************************************************************
27-May-2024 10:34:11.427 INFO [main] org.apache.openejb.OpenEJB$Instance.<init> openejb.home = C:\Users\Korisnik\IdeaProjects\MyWebApp3\target\apache-tomee
27-May-2024 10:34:11.427 INFO [main] org.apache.openejb.OpenEJB$Instance.<init> openejb.base = C:\Users\Korisnik\IdeaProjects\MyWebApp3\target\apache-tomee
27-May-2024 10:34:11.429 INFO [main] org.apache.openejb.cdi.CdiBuilder.initializeOWB Created new singletonService org.apache.openejb.cdi.ThreadSingletonServiceImpl@42bc14c1
27-May-2024 10:34:11.432 INFO [main] org.apache.openejb.cdi.CdiBuilder.initializeOWB Succeeded in installing singleton service
27-May-2024 10:34:11.455 INFO [main] org.apache.openejb.config.ConfigurationFactory.init TomEE configuration file is 'C:\Users\Korisnik\IdeaProjects\MyWebApp3\target\apache-tomee\conf\tomee.xml'
27-May-2024 10:34:11.496 INFO [main] org.apache.openejb.config.ConfigurationFactory.configureService Configuring Service(id=Tomcat Security Service, type=SecurityService, provider-id=Tomcat Security Service)
27-May-2024 10:34:11.497 INFO [main] org.apache.openejb.config.ConfigurationFactory.configureService Configuring Service(id=Default Transaction Manager, type=TransactionManager, provider-id=Default Transaction Manager)
27-May-2024 10:34:11.499 INFO [main] org.apache.openejb.util.OptionsLog.info Using 'openejb.system.apps=false'
27-May-2024 10:34:11.499 INFO [main] org.apache.openejb.util.OptionsLog.info Using 'openejb.deployments.classpath=false'
27-May-2024 10:34:11.501 INFO [main] org.apache.openejb.assembler.classic.Assembler.createRecipe Creating TransactionManager(id=Default Transaction Manager)
27-May-2024 10:34:11.552 INFO [main] org.apache.openejb.assembler.classic.Assembler.createRecipe Creating SecurityService(id=Tomcat Security Service)
27-May-2024 10:34:11.686 INFO [main] org.apache.openejb.server.ServiceManager.initServer Creating ServerService(id=cxf-rs)
27-May-2024 10:34:11.915 INFO [main] org.apache.openejb.server.SimpleServiceManager.start   ** Bound Services **
27-May-2024 10:34:11.915 INFO [main] org.apache.openejb.server.SimpleServiceManager.printRow   NAME                 IP              PORT  
27-May-2024 10:34:11.916 INFO [main] org.apache.openejb.server.SimpleServiceManager.start -------
27-May-2024 10:34:11.916 INFO [main] org.apache.openejb.server.SimpleServiceManager.start Ready!
27-May-2024 10:34:11.916 INFO [main] jdk.internal.reflect.DelegatingMethodAccessorImpl.invoke Server initialization in [1542] milliseconds
27-May-2024 10:34:11.947 INFO [main] org.apache.tomee.catalina.OpenEJBNamingContextListener.bindResource Importing a Tomcat Resource with id 'UserDatabase' of type 'org.apache.catalina.UserDatabase'.
27-May-2024 10:34:11.948 INFO [main] org.apache.openejb.assembler.classic.Assembler.createRecipe Creating Resource(id=UserDatabase)
27-May-2024 10:34:11.964 INFO [main] jdk.internal.reflect.DelegatingMethodAccessorImpl.invoke Starting service [Catalina]
27-May-2024 10:34:11.965 INFO [main] jdk.internal.reflect.DelegatingMethodAccessorImpl.invoke Starting Servlet engine: [Apache Tomcat/9.0.41]
27-May-2024 10:34:11.978 INFO [main] jdk.internal.reflect.DelegatingMethodAccessorImpl.invoke Deploying web application archive [C:\Users\Korisnik\IdeaProjects\MyWebApp3\target\apache-tomee\webapps\MyWebApp3.war]
27-May-2024 10:34:11.984 INFO [main] org.apache.tomee.catalina.TomcatWebAppBuilder.init ------------------------- localhost -> /MyWebApp3
27-May-2024 10:34:11.985 INFO [main] org.apache.openejb.util.JarExtractor.extract Extracting jar: C:\Users\Korisnik\IdeaProjects\MyWebApp3\target\apache-tomee\webapps\MyWebApp3.war
27-May-2024 10:34:12.173 INFO [main] org.apache.openejb.util.JarExtractor.extract Extracted path: C:\Users\Korisnik\IdeaProjects\MyWebApp3\target\apache-tomee\webapps\MyWebApp3
27-May-2024 10:34:12.174 INFO [main] org.apache.openejb.util.OptionsLog.info Using 'openejb.session.manager=org.apache.tomee.catalina.session.QuickSessionManager'
27-May-2024 10:34:12.315 WARNING [main] org.apache.openejb.config.ReadDescriptors.readTldTaglib Cannot unmarshall the JSP tag library definition file: file:/C:/Users/Korisnik/IdeaProjects/MyWebApp3/target/apache-tomee/webapps/MyWebApp3/WEB-INF/tlds/mytags.tld
27-May-2024 10:34:12.365 INFO [main] org.apache.openejb.config.ConfigurationFactory.configureApplication Configuring enterprise application: C:\Users\Korisnik\IdeaProjects\MyWebApp3\target\apache-tomee\webapps\MyWebApp3
27-May-2024 10:34:12.456 INFO [main] org.apache.openejb.config.ConfigurationFactory.configureService Configuring Service(id=Default Managed Container, type=Container, provider-id=Default Managed Container)
27-May-2024 10:34:12.457 INFO [main] org.apache.openejb.config.AutoConfig.createContainer Auto-creating a container for bean MyWebApp3.Comp540206885: Container(type=MANAGED, id=Default Managed Container)
27-May-2024 10:34:12.458 INFO [main] org.apache.openejb.assembler.classic.Assembler.createRecipe Creating Container(id=Default Managed Container)
27-May-2024 10:34:12.466 INFO [main] org.apache.openejb.core.managed.SimplePassivater.init Using directory C:\Users\Korisnik\IdeaProjects\MyWebApp3\target\apache-tomee\temp for stateful session passivation
27-May-2024 10:34:12.501 INFO [main] org.apache.openejb.config.AppInfoBuilder.build Enterprise application "C:\Users\Korisnik\IdeaProjects\MyWebApp3\target\apache-tomee\webapps\MyWebApp3" loaded.
27-May-2024 10:34:12.508 INFO [main] org.apache.openejb.assembler.classic.Assembler.createApplication Assembling app: C:\Users\Korisnik\IdeaProjects\MyWebApp3\target\apache-tomee\webapps\MyWebApp3
27-May-2024 10:34:12.718 INFO [main] org.apache.openejb.assembler.classic.Assembler.createApplication Deployed Application(path=C:\Users\Korisnik\IdeaProjects\MyWebApp3\target\apache-tomee\webapps\MyWebApp3)
27-May-2024 10:34:12.848 INFO [main] org.apache.myfaces.ee.MyFacesContainerInitializer.onStartup Using org.apache.myfaces.ee.MyFacesContainerInitializer
27-May-2024 10:34:12.997 INFO [main] jdk.internal.reflect.DelegatingMethodAccessorImpl.invoke Deployment of web application archive [C:\Users\Korisnik\IdeaProjects\MyWebApp3\target\apache-tomee\webapps\MyWebApp3.war] has finished in [1,018] ms
27-May-2024 10:34:13.005 INFO [main] org.apache.catalina.core.StandardContext.setClassLoaderProperty Unable to set the web application class loader property [clearReferencesRmiTargets] to [true] as the property does not exist.
27-May-2024 10:34:13.006 INFO [main] org.apache.catalina.core.StandardContext.setClassLoaderProperty Unable to set the web application class loader property [clearReferencesObjectStreamClassCaches] to [true] as the property does not exist.
27-May-2024 10:34:13.006 INFO [main] org.apache.catalina.core.StandardContext.setClassLoaderProperty Unable to set the web application class loader property [clearReferencesObjectStreamClassCaches] to [true] as the property does not exist.
27-May-2024 10:34:13.006 INFO [main] org.apache.catalina.core.StandardContext.setClassLoaderProperty Unable to set the web application class loader property [clearReferencesThreadLocals] to [true] as the property does not exist.
27-May-2024 10:34:13.058 INFO [main] jdk.internal.reflect.DelegatingMethodAccessorImpl.invoke Starting ProtocolHandler ["http-nio-8080"]
27-May-2024 10:34:13.065 INFO [main] jdk.internal.reflect.DelegatingMethodAccessorImpl.invoke Server startup in [1149] milliseconds
27-May-2024 11:24:27.577 INFO [main] jdk.internal.reflect.NativeMethodAccessorImpl.invoke Server version name:   Apache Tomcat/9.0.41
27-May-2024 11:24:27.578 INFO [main] jdk.internal.reflect.NativeMethodAccessorImpl.invoke Server built:          Dec 3 2020 11:43:00 UTC
27-May-2024 11:24:27.578 INFO [main] jdk.internal.reflect.NativeMethodAccessorImpl.invoke Server version number: 9.0.41.0
27-May-2024 11:24:27.578 INFO [main] jdk.internal.reflect.NativeMethodAccessorImpl.invoke OS Name:               Windows 10
27-May-2024 11:24:27.578 INFO [main] jdk.internal.reflect.NativeMethodAccessorImpl.invoke OS Version:            10.0
27-May-2024 11:24:27.578 INFO [main] jdk.internal.reflect.NativeMethodAccessorImpl.invoke Architecture:          amd64
27-May-2024 11:24:27.578 INFO [main] jdk.internal.reflect.NativeMethodAccessorImpl.invoke Java Home:             C:\Program Files\Java\jdk-15.0.2
27-May-2024 11:24:27.578 INFO [main] jdk.internal.reflect.NativeMethodAccessorImpl.invoke JVM Version:           15.0.2+7-27
27-May-2024 11:24:27.578 INFO [main] jdk.internal.reflect.NativeMethodAccessorImpl.invoke JVM Vendor:            Oracle Corporation
27-May-2024 11:24:27.578 INFO [main] jdk.internal.reflect.NativeMethodAccessorImpl.invoke CATALINA_BASE:         C:\Users\Korisnik\IdeaProjects\MyWebApp3\target\apache-tomee
27-May-2024 11:24:27.578 INFO [main] jdk.internal.reflect.NativeMethodAccessorImpl.invoke CATALINA_HOME:         C:\Users\Korisnik\IdeaProjects\MyWebApp3\target\apache-tomee
27-May-2024 11:24:27.600 INFO [main] jdk.internal.reflect.NativeMethodAccessorImpl.invoke Command line argument: -XX:+HeapDumpOnOutOfMemoryError
27-May-2024 11:24:27.600 INFO [main] jdk.internal.reflect.NativeMethodAccessorImpl.invoke Command line argument: -Dorg.apache.catalina.STRICT_SERVLET_COMPLIANCE=false
27-May-2024 11:24:27.600 INFO [main] jdk.internal.reflect.NativeMethodAccessorImpl.invoke Command line argument: -Dopenejb.session.manager=org.apache.tomee.catalina.session.QuickSessionManager
27-May-2024 11:24:27.600 INFO [main] jdk.internal.reflect.NativeMethodAccessorImpl.invoke Command line argument: -Dtomee.remote.support=true
27-May-2024 11:24:27.601 INFO [main] jdk.internal.reflect.NativeMethodAccessorImpl.invoke Command line argument: -Dopenejb.system.apps=false
27-May-2024 11:24:27.601 INFO [main] jdk.internal.reflect.DelegatingMethodAccessorImpl.invoke Command line argument: -Dtomee.jsp-development=true
27-May-2024 11:24:27.601 INFO [main] jdk.internal.reflect.DelegatingMethodAccessorImpl.invoke Command line argument: -Djava.util.logging.config.file=C:\Users\Korisnik\IdeaProjects\MyWebApp3\target\apache-tomee\conf\logging.properties
27-May-2024 11:24:27.601 INFO [main] jdk.internal.reflect.DelegatingMethodAccessorImpl.invoke Command line argument: -javaagent:C:\Users\Korisnik\IdeaProjects\MyWebApp3\target\apache-tomee\lib\openejb-javaagent.jar
27-May-2024 11:24:27.601 INFO [main] jdk.internal.reflect.DelegatingMethodAccessorImpl.invoke Command line argument: -Djava.util.logging.manager=org.apache.juli.ClassLoaderLogManager
27-May-2024 11:24:27.601 INFO [main] jdk.internal.reflect.DelegatingMethodAccessorImpl.invoke Command line argument: -Djava.io.tmpdir=C:\Users\Korisnik\IdeaProjects\MyWebApp3\target\apache-tomee\temp
27-May-2024 11:24:27.601 INFO [main] jdk.internal.reflect.DelegatingMethodAccessorImpl.invoke Command line argument: -Dcatalina.base=C:\Users\Korisnik\IdeaProjects\MyWebApp3\target\apache-tomee
27-May-2024 11:24:27.601 INFO [main] jdk.internal.reflect.DelegatingMethodAccessorImpl.invoke Command line argument: -Dcatalina.home=C:\Users\Korisnik\IdeaProjects\MyWebApp3\target\apache-tomee
27-May-2024 11:24:27.601 INFO [main] jdk.internal.reflect.DelegatingMethodAccessorImpl.invoke Command line argument: -Dcatalina.ext.dirs=C:\Users\Korisnik\IdeaProjects\MyWebApp3\target\apache-tomee\lib
27-May-2024 11:24:27.601 INFO [main] jdk.internal.reflect.DelegatingMethodAccessorImpl.invoke Command line argument: -Dorg.apache.tomcat.util.http.ServerCookie.ALLOW_HTTP_SEPARATORS_IN_V0=true
27-May-2024 11:24:27.602 INFO [main] jdk.internal.reflect.DelegatingMethodAccessorImpl.invoke Command line argument: -ea
27-May-2024 11:24:27.607 INFO [main] jdk.internal.reflect.DelegatingMethodAccessorImpl.invoke The Apache Tomcat Native library which allows using OpenSSL was not found on the java.library.path: [C:\Program Files\Java\jdk-15.0.2\bin;C:\WINDOWS\Sun\Java\bin;C:\WINDOWS\system32;C:\WINDOWS;C:\Program Files\Common Files\Oracle\Java\javapath;C:\WINDOWS\system32;C:\WINDOWS;C:\WINDOWS\System32\Wbem;C:\WINDOWS\System32\WindowsPowerShell\v1.0\;C:\WINDOWS\System32\OpenSSH\;C:\Users\Korisnik\.jdks\openjdk-20\bin;C:\JAVA\jdk-21.0.1\bin;C:\Program Files\Git\cmd;C:\Program Files\MySQL\MySQL Server 8.0\bin;C:\Java\jdk-21\bin;C:\Program Files\MySQL\MySQL Shell 8.0\bin\;C:\Users\Korisnik\AppData\Local\Microsoft\WindowsApps;C:\Program Files\JetBrains\IntelliJ IDEA 2022.3.2\bin;C:\Users\Korisnik\AppData\Local\gitkraken\bin;.]
27-May-2024 11:24:27.933 INFO [main] jdk.internal.reflect.DelegatingMethodAccessorImpl.invoke Initializing ProtocolHandler ["http-nio-8080"]
27-May-2024 11:24:28.030 SEVERE [main] jdk.internal.reflect.NativeMethodAccessorImpl.invoke Failed to initialize component [Connector[HTTP/1.1-8080]]
	org.apache.catalina.LifecycleException: Protocol handler initialization failed
		at org.apache.catalina.connector.Connector.initInternal(Connector.java:1042)
		at org.apache.catalina.util.LifecycleBase.init(LifecycleBase.java:136)
		at org.apache.catalina.core.StandardService.initInternal(StandardService.java:558)
		at org.apache.catalina.util.LifecycleBase.init(LifecycleBase.java:136)
		at org.apache.catalina.core.StandardServer.initInternal(StandardServer.java:1057)
		at org.apache.catalina.util.LifecycleBase.init(LifecycleBase.java:136)
		at org.apache.catalina.startup.Catalina.load(Catalina.java:724)
		at org.apache.catalina.startup.Catalina.load(Catalina.java:746)
		at java.base/jdk.internal.reflect.NativeMethodAccessorImpl.invoke0(Native Method)
		at java.base/jdk.internal.reflect.NativeMethodAccessorImpl.invoke(NativeMethodAccessorImpl.java:64)
		at java.base/jdk.internal.reflect.DelegatingMethodAccessorImpl.invoke(DelegatingMethodAccessorImpl.java:43)
		at java.base/java.lang.reflect.Method.invoke(Method.java:564)
		at org.apache.catalina.startup.Bootstrap.load(Bootstrap.java:302)
		at org.apache.catalina.startup.Bootstrap.main(Bootstrap.java:472)
	Caused by: java.net.BindException: Address already in use: bind
		at java.base/sun.nio.ch.Net.bind0(Native Method)
		at java.base/sun.nio.ch.Net.bind(Net.java:550)
		at java.base/sun.nio.ch.ServerSocketChannelImpl.bind(ServerSocketChannelImpl.java:249)
		at java.base/sun.nio.ch.ServerSocketAdaptor.bind(ServerSocketAdaptor.java:88)
		at org.apache.tomcat.util.net.NioEndpoint.initServerSocket(NioEndpoint.java:228)
		at org.apache.tomcat.util.net.NioEndpoint.bind(NioEndpoint.java:211)
		at org.apache.tomcat.util.net.AbstractEndpoint.bindWithCleanup(AbstractEndpoint.java:1159)
		at org.apache.tomcat.util.net.AbstractEndpoint.init(AbstractEndpoint.java:1172)
		at org.apache.coyote.AbstractProtocol.init(AbstractProtocol.java:592)
		at org.apache.coyote.http11.AbstractHttp11Protocol.init(AbstractHttp11Protocol.java:80)
		at org.apache.catalina.connector.Connector.initInternal(Connector.java:1039)
		... 13 more
27-May-2024 11:24:28.307 INFO [main] org.apache.openejb.util.OptionsLog.info Using 'tomee.remote.support=true'
27-May-2024 11:24:28.327 INFO [main] org.apache.openejb.util.OptionsLog.info Using 'openejb.jdbc.datasource-creator=org.apache.tomee.jdbc.TomEEDataSourceCreator'
27-May-2024 11:24:28.318 INFO [Catalina-utility-2] org.apache.catalina.users.MemoryUserDatabase.backgroundProcess Reloading memory user database [UserDatabase] from updated source [file:/C:/Users/Korisnik/IdeaProjects/MyWebApp3/target/apache-tomee/conf/tomcat-users.xml]
27-May-2024 11:24:28.464 INFO [main] org.apache.openejb.OpenEJB$Instance.<init> ********************************************************************************
27-May-2024 11:24:28.465 INFO [main] org.apache.openejb.OpenEJB$Instance.<init> OpenEJB http://tomee.apache.org/
27-May-2024 11:24:28.465 INFO [main] org.apache.openejb.OpenEJB$Instance.<init> Startup: Mon May 27 11:24:28 CEST 2024
27-May-2024 11:24:28.465 INFO [main] org.apache.openejb.OpenEJB$Instance.<init> Copyright 1999-2018 (C) Apache OpenEJB Project, All Rights Reserved.
27-May-2024 11:24:28.465 INFO [main] org.apache.openejb.OpenEJB$Instance.<init> Version: 8.0.6
27-May-2024 11:24:28.465 INFO [main] org.apache.openejb.OpenEJB$Instance.<init> Build date: 20210114
27-May-2024 11:24:28.465 INFO [main] org.apache.openejb.OpenEJB$Instance.<init> Build time: 02:27
27-May-2024 11:24:28.466 INFO [main] org.apache.openejb.OpenEJB$Instance.<init> ********************************************************************************
27-May-2024 11:24:28.466 INFO [main] org.apache.openejb.OpenEJB$Instance.<init> openejb.home = C:\Users\Korisnik\IdeaProjects\MyWebApp3\target\apache-tomee
27-May-2024 11:24:28.466 INFO [main] org.apache.openejb.OpenEJB$Instance.<init> openejb.base = C:\Users\Korisnik\IdeaProjects\MyWebApp3\target\apache-tomee
27-May-2024 11:24:28.469 INFO [main] org.apache.openejb.cdi.CdiBuilder.initializeOWB Created new singletonService org.apache.openejb.cdi.ThreadSingletonServiceImpl@7b94089b
27-May-2024 11:24:28.474 INFO [main] org.apache.openejb.cdi.CdiBuilder.initializeOWB Succeeded in installing singleton service
27-May-2024 11:24:28.515 INFO [main] org.apache.openejb.config.ConfigurationFactory.init TomEE configuration file is 'C:\Users\Korisnik\IdeaProjects\MyWebApp3\target\apache-tomee\conf\tomee.xml'
27-May-2024 11:24:28.580 INFO [main] org.apache.openejb.config.ConfigurationFactory.configureService Configuring Service(id=Tomcat Security Service, type=SecurityService, provider-id=Tomcat Security Service)
27-May-2024 11:24:28.583 INFO [main] org.apache.openejb.config.ConfigurationFactory.configureService Configuring Service(id=Default Transaction Manager, type=TransactionManager, provider-id=Default Transaction Manager)
27-May-2024 11:24:28.587 INFO [main] org.apache.openejb.util.OptionsLog.info Using 'openejb.system.apps=false'
27-May-2024 11:24:28.587 INFO [main] org.apache.openejb.util.OptionsLog.info Using 'openejb.deployments.classpath=false'
27-May-2024 11:24:28.590 INFO [main] org.apache.openejb.assembler.classic.Assembler.createRecipe Creating TransactionManager(id=Default Transaction Manager)
27-May-2024 11:24:28.590 INFO [Catalina-utility-2] jdk.internal.reflect.DelegatingMethodAccessorImpl.invoke Undeploying context [/MyWebApp3]
27-May-2024 11:24:28.728 INFO [main] org.apache.openejb.assembler.classic.Assembler.createRecipe Creating SecurityService(id=Tomcat Security Service)
27-May-2024 11:24:28.894 INFO [main] org.apache.openejb.server.ServiceManager.initServer Creating ServerService(id=cxf-rs)
27-May-2024 11:24:29.007 INFO [Catalina-utility-2] org.apache.openejb.assembler.classic.Assembler.destroyApplication Undeploying app: C:\Users\Korisnik\IdeaProjects\MyWebApp3\target\apache-tomee\webapps\MyWebApp3
27-May-2024 11:24:29.210 INFO [Catalina-utility-2] jdk.internal.reflect.DelegatingMethodAccessorImpl.invoke Deploying web application archive [C:\Users\Korisnik\IdeaProjects\MyWebApp3\target\apache-tomee\webapps\MyWebApp3.war]
27-May-2024 11:24:29.210 INFO [Catalina-utility-2] org.apache.tomee.catalina.TomcatWebAppBuilder.init ------------------------- localhost -> /MyWebApp3
27-May-2024 11:24:29.212 INFO [Catalina-utility-2] org.apache.openejb.util.JarExtractor.extract Extracting jar: C:\Users\Korisnik\IdeaProjects\MyWebApp3\target\apache-tomee\webapps\MyWebApp3.war
27-May-2024 11:24:29.220 INFO [main] org.apache.openejb.server.SimpleServiceManager.start   ** Bound Services **
27-May-2024 11:24:29.221 INFO [main] org.apache.openejb.server.SimpleServiceManager.printRow   NAME                 IP              PORT  
27-May-2024 11:24:29.221 INFO [main] org.apache.openejb.server.SimpleServiceManager.start -------
27-May-2024 11:24:29.221 INFO [main] org.apache.openejb.server.SimpleServiceManager.start Ready!
27-May-2024 11:24:29.221 INFO [main] jdk.internal.reflect.DelegatingMethodAccessorImpl.invoke Server initialization in [1818] milliseconds
27-May-2024 11:24:29.295 INFO [main] org.apache.tomee.catalina.OpenEJBNamingContextListener.bindResource Importing a Tomcat Resource with id 'UserDatabase' of type 'org.apache.catalina.UserDatabase'.
27-May-2024 11:24:29.295 INFO [main] org.apache.openejb.assembler.classic.Assembler.createRecipe Creating Resource(id=UserDatabase)
27-May-2024 11:24:29.318 INFO [main] jdk.internal.reflect.DelegatingMethodAccessorImpl.invoke Starting service [Catalina]
27-May-2024 11:24:29.319 INFO [main] jdk.internal.reflect.DelegatingMethodAccessorImpl.invoke Starting Servlet engine: [Apache Tomcat/9.0.41]
27-May-2024 11:24:29.338 INFO [main] jdk.internal.reflect.DelegatingMethodAccessorImpl.invoke Deploying web application archive [C:\Users\Korisnik\IdeaProjects\MyWebApp3\target\apache-tomee\webapps\MyWebApp3.war]
27-May-2024 11:24:29.345 INFO [main] org.apache.tomee.catalina.TomcatWebAppBuilder.init ------------------------- localhost -> /MyWebApp3
27-May-2024 11:24:29.346 INFO [main] org.apache.openejb.util.OptionsLog.info Using 'openejb.session.manager=org.apache.tomee.catalina.session.QuickSessionManager'
27-May-2024 11:24:29.546 INFO [main] org.apache.openejb.config.ConfigurationFactory.configureApplication Configuring enterprise application: C:\Users\Korisnik\IdeaProjects\MyWebApp3\target\apache-tomee\webapps\MyWebApp3
27-May-2024 11:24:29.557 INFO [Catalina-utility-2] org.apache.openejb.util.JarExtractor.extract Extracted path: C:\Users\Korisnik\IdeaProjects\MyWebApp3\target\apache-tomee\webapps\MyWebApp3
27-May-2024 11:24:29.557 INFO [Catalina-utility-2] org.apache.openejb.util.OptionsLog.info Using 'openejb.session.manager=org.apache.tomee.catalina.session.QuickSessionManager'
27-May-2024 11:24:29.641 WARNING [Catalina-utility-2] org.apache.openejb.config.ReadDescriptors.readTldTaglib Cannot unmarshall the JSP tag library definition file: file:/C:/Users/Korisnik/IdeaProjects/MyWebApp3/target/apache-tomee/webapps/MyWebApp3/WEB-INF/tlds/mytags.tld
27-May-2024 11:24:29.660 INFO [main] org.apache.openejb.config.ConfigurationFactory.configureService Configuring Service(id=Default Managed Container, type=Container, provider-id=Default Managed Container)
27-May-2024 11:24:29.660 INFO [main] org.apache.openejb.config.AutoConfig.createContainer Auto-creating a container for bean MyWebApp3.Comp665988980: Container(type=MANAGED, id=Default Managed Container)
27-May-2024 11:24:29.660 INFO [main] org.apache.openejb.assembler.classic.Assembler.createRecipe Creating Container(id=Default Managed Container)
27-May-2024 11:24:29.666 INFO [Catalina-utility-2] org.apache.openejb.config.ConfigurationFactory.configureApplication Configuring enterprise application: C:\Users\Korisnik\IdeaProjects\MyWebApp3\target\apache-tomee\webapps\MyWebApp3
27-May-2024 11:24:29.669 INFO [main] org.apache.openejb.core.managed.SimplePassivater.init Using directory C:\Users\Korisnik\IdeaProjects\MyWebApp3\target\apache-tomee\temp for stateful session passivation
27-May-2024 11:24:29.705 INFO [Catalina-utility-2] org.apache.openejb.config.AppInfoBuilder.build Enterprise application "C:\Users\Korisnik\IdeaProjects\MyWebApp3\target\apache-tomee\webapps\MyWebApp3" loaded.
27-May-2024 11:24:29.707 INFO [Catalina-utility-2] org.apache.openejb.assembler.classic.Assembler.createApplication Assembling app: C:\Users\Korisnik\IdeaProjects\MyWebApp3\target\apache-tomee\webapps\MyWebApp3
27-May-2024 11:24:29.715 INFO [main] org.apache.openejb.config.AppInfoBuilder.build Enterprise application "C:\Users\Korisnik\IdeaProjects\MyWebApp3\target\apache-tomee\webapps\MyWebApp3" loaded.
27-May-2024 11:24:29.723 INFO [main] org.apache.openejb.assembler.classic.Assembler.createApplication Assembling app: C:\Users\Korisnik\IdeaProjects\MyWebApp3\target\apache-tomee\webapps\MyWebApp3
27-May-2024 11:24:29.740 INFO [Catalina-utility-2] org.apache.openejb.assembler.classic.Assembler.createApplication Deployed Application(path=C:\Users\Korisnik\IdeaProjects\MyWebApp3\target\apache-tomee\webapps\MyWebApp3)
27-May-2024 11:24:30.005 INFO [main] org.apache.openejb.assembler.classic.Assembler.createApplication Deployed Application(path=C:\Users\Korisnik\IdeaProjects\MyWebApp3\target\apache-tomee\webapps\MyWebApp3)
27-May-2024 11:24:30.026 INFO [Catalina-utility-2] jdk.internal.reflect.DelegatingMethodAccessorImpl.invoke Deployment of web application archive [C:\Users\Korisnik\IdeaProjects\MyWebApp3\target\apache-tomee\webapps\MyWebApp3.war] has finished in [816] ms
27-May-2024 11:24:30.169 SEVERE [main] jdk.internal.reflect.NativeMethodAccessorImpl.invoke Error deploying web application archive [C:\Users\Korisnik\IdeaProjects\MyWebApp3\target\apache-tomee\webapps\MyWebApp3.war]
	java.lang.IllegalStateException: Error starting child
		at org.apache.catalina.core.ContainerBase.addChildInternal(ContainerBase.java:720)
		at org.apache.catalina.core.ContainerBase.addChild(ContainerBase.java:690)
		at org.apache.catalina.core.StandardHost.addChild(StandardHost.java:706)
		at org.apache.catalina.startup.HostConfig.deployWAR(HostConfig.java:978)
		at org.apache.catalina.startup.HostConfig$DeployWar.run(HostConfig.java:1848)
		at java.base/java.util.concurrent.Executors$RunnableAdapter.call(Executors.java:515)
		at java.base/java.util.concurrent.FutureTask.run(FutureTask.java:264)
		at org.apache.tomcat.util.threads.InlineExecutorService.execute(InlineExecutorService.java:75)
		at java.base/java.util.concurrent.AbstractExecutorService.submit(AbstractExecutorService.java:118)
		at org.apache.catalina.startup.HostConfig.deployWARs(HostConfig.java:773)
		at org.apache.catalina.startup.HostConfig.deployApps(HostConfig.java:427)
		at org.apache.catalina.startup.HostConfig.start(HostConfig.java:1576)
		at org.apache.catalina.startup.HostConfig.lifecycleEvent(HostConfig.java:309)
		at org.apache.catalina.util.LifecycleBase.fireLifecycleEvent(LifecycleBase.java:123)
		at org.apache.catalina.util.LifecycleBase.setStateInternal(LifecycleBase.java:423)
		at org.apache.catalina.util.LifecycleBase.setState(LifecycleBase.java:366)
		at org.apache.catalina.core.ContainerBase.startInternal(ContainerBase.java:936)
		at org.apache.catalina.core.StandardHost.startInternal(StandardHost.java:843)
		at org.apache.catalina.util.LifecycleBase.start(LifecycleBase.java:183)
		at org.apache.catalina.core.ContainerBase$StartChild.call(ContainerBase.java:1384)
		at org.apache.catalina.core.ContainerBase$StartChild.call(ContainerBase.java:1374)
		at java.base/java.util.concurrent.FutureTask.run(FutureTask.java:264)
		at org.apache.tomcat.util.threads.InlineExecutorService.execute(InlineExecutorService.java:75)
		at java.base/java.util.concurrent.AbstractExecutorService.submit(AbstractExecutorService.java:140)
		at org.apache.catalina.core.ContainerBase.startInternal(ContainerBase.java:909)
		at org.apache.catalina.core.StandardEngine.startInternal(StandardEngine.java:262)
		at org.apache.catalina.util.LifecycleBase.start(LifecycleBase.java:183)
		at org.apache.catalina.core.StandardService.startInternal(StandardService.java:434)
		at org.apache.catalina.util.LifecycleBase.start(LifecycleBase.java:183)
		at org.apache.catalina.core.StandardServer.startInternal(StandardServer.java:930)
		at org.apache.catalina.util.LifecycleBase.start(LifecycleBase.java:183)
		at org.apache.catalina.startup.Catalina.start(Catalina.java:772)
		at java.base/jdk.internal.reflect.NativeMethodAccessorImpl.invoke0(Native Method)
		at java.base/jdk.internal.reflect.NativeMethodAccessorImpl.invoke(NativeMethodAccessorImpl.java:64)
		at java.base/jdk.internal.reflect.DelegatingMethodAccessorImpl.invoke(DelegatingMethodAccessorImpl.java:43)
		at java.base/java.lang.reflect.Method.invoke(Method.java:564)
		at org.apache.catalina.startup.Bootstrap.start(Bootstrap.java:342)
		at org.apache.catalina.startup.Bootstrap.main(Bootstrap.java:473)
	Caused by: org.apache.catalina.LifecycleException: Failed to start component [StandardEngine[Catalina].StandardHost[localhost].StandardContext[/MyWebApp3]]
		at org.apache.catalina.util.LifecycleBase.handleSubClassException(LifecycleBase.java:440)
		at org.apache.catalina.util.LifecycleBase.start(LifecycleBase.java:198)
		at org.apache.catalina.core.ContainerBase.addChildInternal(ContainerBase.java:717)
		... 37 more
	Caused by: java.lang.NoClassDefFoundError: org/apache/commons/fileupload/FileUploadException
		at java.base/java.lang.Class.getDeclaredFields0(Native Method)
		at java.base/java.lang.Class.privateGetDeclaredFields(Class.java:3220)
		at java.base/java.lang.Class.getDeclaredFields(Class.java:2341)
		at org.apache.catalina.util.Introspection.getDeclaredFields(Introspection.java:110)
		at org.apache.catalina.startup.WebAnnotationSet.loadFieldsAnnotation(WebAnnotationSet.java:269)
		at org.apache.catalina.startup.WebAnnotationSet.loadApplicationServletAnnotations(WebAnnotationSet.java:137)
		at org.apache.catalina.startup.WebAnnotationSet.loadApplicationAnnotations(WebAnnotationSet.java:69)
		at org.apache.catalina.startup.ContextConfig.applicationAnnotationsConfig(ContextConfig.java:332)
		at org.apache.catalina.startup.ContextConfig.configureStart(ContextConfig.java:988)
		at org.apache.catalina.startup.OpenEJBContextConfig.configureStart(OpenEJBContextConfig.java:124)
		at org.apache.catalina.startup.ContextConfig.lifecycleEvent(ContextConfig.java:303)
		at org.apache.catalina.util.LifecycleBase.fireLifecycleEvent(LifecycleBase.java:123)
		at org.apache.catalina.core.StandardContext.startInternal(StandardContext.java:5082)
		at org.apache.catalina.util.LifecycleBase.start(LifecycleBase.java:183)
		... 38 more
	Caused by: java.lang.ClassNotFoundException: org.apache.commons.fileupload.FileUploadException
		at org.apache.catalina.loader.WebappClassLoaderBase.loadClass(WebappClassLoaderBase.java:1365)
		at org.apache.tomee.catalina.TomEEWebappClassLoader.loadClass(TomEEWebappClassLoader.java:209)
		at org.apache.catalina.loader.WebappClassLoaderBase.loadClass(WebappClassLoaderBase.java:1188)
		... 52 more
27-May-2024 11:24:30.172 INFO [main] jdk.internal.reflect.DelegatingMethodAccessorImpl.invoke Deployment of web application archive [C:\Users\Korisnik\IdeaProjects\MyWebApp3\target\apache-tomee\webapps\MyWebApp3.war] has finished in [834] ms
27-May-2024 11:24:30.187 INFO [main] org.apache.catalina.core.StandardContext.setClassLoaderProperty Unable to set the web application class loader property [clearReferencesRmiTargets] to [true] as the property does not exist.
27-May-2024 11:24:30.187 INFO [main] org.apache.catalina.core.StandardContext.setClassLoaderProperty Unable to set the web application class loader property [clearReferencesObjectStreamClassCaches] to [true] as the property does not exist.
27-May-2024 11:24:30.187 INFO [main] org.apache.catalina.core.StandardContext.setClassLoaderProperty Unable to set the web application class loader property [clearReferencesObjectStreamClassCaches] to [true] as the property does not exist.
27-May-2024 11:24:30.188 INFO [main] org.apache.catalina.core.StandardContext.setClassLoaderProperty Unable to set the web application class loader property [clearReferencesThreadLocals] to [true] as the property does not exist.
27-May-2024 11:24:30.257 INFO [main] jdk.internal.reflect.DelegatingMethodAccessorImpl.invoke Server startup in [1035] milliseconds
27-May-2024 11:24:30.259 SEVERE [main] jdk.internal.reflect.NativeMethodAccessorImpl.invoke Failed to create server shutdown socket on address [localhost] and port [8005] (base port [8005] and offset [0])
	java.net.BindException: Address already in use: bind
		at java.base/sun.nio.ch.Net.bind0(Native Method)
		at java.base/sun.nio.ch.Net.bind(Net.java:550)
		at java.base/sun.nio.ch.Net.bind(Net.java:539)
		at java.base/sun.nio.ch.NioSocketImpl.bind(NioSocketImpl.java:643)
		at java.base/java.net.ServerSocket.bind(ServerSocket.java:396)
		at java.base/java.net.ServerSocket.<init>(ServerSocket.java:282)
		at org.apache.catalina.core.StandardServer.await(StandardServer.java:584)
		at org.apache.catalina.startup.Catalina.await(Catalina.java:864)
		at org.apache.catalina.startup.Catalina.start(Catalina.java:810)
		at java.base/jdk.internal.reflect.NativeMethodAccessorImpl.invoke0(Native Method)
		at java.base/jdk.internal.reflect.NativeMethodAccessorImpl.invoke(NativeMethodAccessorImpl.java:64)
		at java.base/jdk.internal.reflect.DelegatingMethodAccessorImpl.invoke(DelegatingMethodAccessorImpl.java:43)
		at java.base/java.lang.reflect.Method.invoke(Method.java:564)
		at org.apache.catalina.startup.Bootstrap.start(Bootstrap.java:342)
		at org.apache.catalina.startup.Bootstrap.main(Bootstrap.java:473)
27-May-2024 11:24:30.259 INFO [main] jdk.internal.reflect.DelegatingMethodAccessorImpl.invoke Pausing ProtocolHandler ["http-nio-8080"]
27-May-2024 11:24:30.259 INFO [main] jdk.internal.reflect.DelegatingMethodAccessorImpl.invoke Stopping service [Catalina]
27-May-2024 11:24:30.260 INFO [main] org.apache.openejb.server.SimpleServiceManager.stop Stopping server services
27-May-2024 11:24:30.264 INFO [main] org.apache.openejb.assembler.classic.Assembler.destroyApplication Undeploying app: C:\Users\Korisnik\IdeaProjects\MyWebApp3\target\apache-tomee\webapps\MyWebApp3
27-May-2024 11:24:30.329 INFO [main] jdk.internal.reflect.DelegatingMethodAccessorImpl.invoke Stopping ProtocolHandler ["http-nio-8080"]
27-May-2024 11:24:30.331 INFO [main] jdk.internal.reflect.DelegatingMethodAccessorImpl.invoke Destroying ProtocolHandler ["http-nio-8080"]
27-May-2024 11:26:41.945 INFO [main] jdk.internal.reflect.DelegatingMethodAccessorImpl.invoke A valid shutdown command was received via the shutdown port. Stopping the Server instance.
27-May-2024 11:26:41.946 INFO [main] jdk.internal.reflect.DelegatingMethodAccessorImpl.invoke Pausing ProtocolHandler ["http-nio-8080"]
27-May-2024 11:26:41.969 INFO [main] jdk.internal.reflect.DelegatingMethodAccessorImpl.invoke Stopping service [Catalina]
27-May-2024 11:26:41.976 INFO [main] org.apache.openejb.assembler.classic.Assembler.destroyApplication Undeploying app: C:\Users\Korisnik\IdeaProjects\MyWebApp3\target\apache-tomee\webapps\MyWebApp3
27-May-2024 11:26:42.016 INFO [main] jdk.internal.reflect.DelegatingMethodAccessorImpl.invoke Stopping ProtocolHandler ["http-nio-8080"]
27-May-2024 11:26:42.027 INFO [main] org.apache.openejb.server.SimpleServiceManager.stop Stopping server services
27-May-2024 11:26:42.044 INFO [main] jdk.internal.reflect.DelegatingMethodAccessorImpl.invoke Destroying ProtocolHandler ["http-nio-8080"]
